Some characters could not be decoded, and were replaced with REPLACEMENT CHARACTER.
Some characters could not be decoded, and were replaced with REPLACEMENT CHARACTER.
Some characters could not be decoded, and were replaced with REPLACEMENT CHARACTER.
Some characters could not be decoded, and were replaced with REPLACEMENT CHARACTER.
Some characters could not be decoded, and were replaced with REPLACEMENT CHARACTER.
Starting crawl...
[1] Crawling: https://lc.hkbu.edu.hk/main/
Saved Word document: /workspaces/lcwebsiteAnalytics/.vscode/results/main/index.docx
[2] Crawling: https://lc.hkbu.edu.hk/main/chinese-course/
Saved Word document: /workspaces/lcwebsiteAnalytics/.vscode/results/main/chinese-course/index.docx
[3] Crawling: https://lc.hkbu.edu.hk/main/english-course/
Saved Word document: /workspaces/lcwebsiteAnalytics/.vscode/results/main/english-course/index.docx
[4] Crawling: https://lc.hkbu.edu.hk/main/pth-course/
Saved Word document: /workspaces/lcwebsiteAnalytics/.vscode/results/main/pth-course/index.docx
[5] Crawling: https://lc.hkbu.edu.hk/main/foreign-course/
Saved Word document: /workspaces/lcwebsiteAnalytics/.vscode/results/main/foreign-course/index.docx
[6] Crawling: https://lc.hkbu.edu.hk/main/minor-programmes/
Saved Word document: /workspaces/lcwebsiteAnalytics/.vscode/results/main/minor-programmes/index.docx
[7] Crawling: https://lc.hkbu.edu.hk/main/examinations/
Saved Word document: /workspaces/lcwebsiteAnalytics/.vscode/results/main/examinations/index.docx
[8] Crawling: https://lc.hkbu.edu.hk/main/credly/
Saved Word document: /workspaces/lcwebsiteAnalytics/.vscode/results/main/credly/index.docx
[9] Crawling: https://lc.hkbu.edu.hk/main/enhancement-services/
Saved Word document: /workspaces/lcwebsiteAnalytics/.vscode/results/main/enhancement-services/index.docx
[10] Crawling: https://lc.hkbu.edu.hk/main/activities/
Saved Word document: /workspaces/lcwebsiteAnalytics/.vscode/results/main/activities/index.docx
[11] Crawling: https://lc.hkbu.edu.hk/main/sponsorshipsawards/
Saved Word document: /workspaces/lcwebsiteAnalytics/.vscode/results/main/sponsorshipsawards/index.docx
[12] Crawling: https://lc.hkbu.edu.hk/main/iie/
Saved Word document: /workspaces/lcwebsiteAnalytics/.vscode/results/main/iie/index.docx
[13] Crawling: https://lc.hkbu.edu.hk/main/self-learning/
Saved Word document: /workspaces/lcwebsiteAnalytics/.vscode/results/main/self-learning/index.docx
[14] Crawling: https://lc.hkbu.edu.hk/main/staff-chinese/
Saved Word document: /workspaces/lcwebsiteAnalytics/.vscode/results/main/staff-chinese/index.docx
[15] Crawling: https://lc.hkbu.edu.hk/main/staff-english/
Saved Word document: /workspaces/lcwebsiteAnalytics/.vscode/results/main/staff-english/index.docx
[16] Crawling: https://lc.hkbu.edu.hk/main/staff-putonghua/
Saved Word document: /workspaces/lcwebsiteAnalytics/.vscode/results/main/staff-putonghua/index.docx
[17] Crawling: https://lc.hkbu.edu.hk/main/staff-foreign/
Saved Word document: /workspaces/lcwebsiteAnalytics/.vscode/results/main/staff-foreign/index.docx
[18] Crawling: https://lc.hkbu.edu.hk/main/staff-research/
Saved Word document: /workspaces/lcwebsiteAnalytics/.vscode/results/main/staff-research/index.docx
[19] Crawling: https://lc.hkbu.edu.hk/main/staff-support/
Saved Word document: /workspaces/lcwebsiteAnalytics/.vscode/results/main/staff-support/index.docx
[20] Crawling: https://lc.hkbu.edu.hk/main/mission/
Saved Word document: /workspaces/lcwebsiteAnalytics/.vscode/results/main/mission/index.docx
[21] Crawling: https://lc.hkbu.edu.hk/main/photos/
Saved Word document: /workspaces/lcwebsiteAnalytics/.vscode/results/main/photos/index.docx
[22] Crawling: https://lc.hkbu.edu.hk/main/job/
Saved Word document: /workspaces/lcwebsiteAnalytics/.vscode/results/main/job/index.docx
[23] Crawling: https://lc.hkbu.edu.hk/main/#section_contact_us
Saved Word document: /workspaces/lcwebsiteAnalytics/.vscode/results/main/index.docx
[24] Crawling: https://lc.hkbu.edu.hk/main/lconference/
Saved Word document: /workspaces/lcwebsiteAnalytics/.vscode/results/main/lconference/index.docx
[25] Crawling: https://lc.hkbu.edu.hk/main/ira/
Saved Word document: /workspaces/lcwebsiteAnalytics/.vscode/results/main/ira/index.docx
[26] Crawling: https://lc.hkbu.edu.hk/main/projects/
Saved Word document: /workspaces/lcwebsiteAnalytics/.vscode/results/main/projects/index.docx
[27] Crawling: https://lc.hkbu.edu.hk/main/gcap-3056/
Saved Word document: /workspaces/lcwebsiteAnalytics/.vscode/results/main/gcap-3056/index.docx
[28] Crawling: https://lc.hkbu.edu.hk/main/lc-scholarship-bulletin/
Saved Word document: /workspaces/lcwebsiteAnalytics/.vscode/results/main/lc-scholarship-bulletin/index.docx
[29] Crawling: https://lc.hkbu.edu.hk/main/staff-publications-2018/
Saved Word document: /workspaces/lcwebsiteAnalytics/.vscode/results/main/staff-publications-2018/index.docx
[30] Crawling: https://lc.hkbu.edu.hk/main/staff-publications-2023/
Saved Word document: /workspaces/lcwebsiteAnalytics/.vscode/results/main/staff-publications-2023/index.docx
[31] Crawling: https://lc.hkbu.edu.hk/main/staff-publications-2022/
Saved Word document: /workspaces/lcwebsiteAnalytics/.vscode/results/main/staff-publications-2022/index.docx
[32] Crawling: https://lc.hkbu.edu.hk/main/staff-publications-2021/
Saved Word document: /workspaces/lcwebsiteAnalytics/.vscode/results/main/staff-publications-2021/index.docx
[33] Crawling: https://lc.hkbu.edu.hk/main/staff-publications-2020/
Saved Word document: /workspaces/lcwebsiteAnalytics/.vscode/results/main/staff-publications-2020/index.docx
[34] Crawling: https://lc.hkbu.edu.hk/main/staff-publications-2019/
Saved Word document: /workspaces/lcwebsiteAnalytics/.vscode/results/main/staff-publications-2019/index.docx
[35] Crawling: https://lc.hkbu.edu.hk/main/staff-publications-2017/
Saved Word document: /workspaces/lcwebsiteAnalytics/.vscode/results/main/staff-publications-2017/index.docx
[36] Crawling: https://lc.hkbu.edu.hk/main/staff-publications-2016/
Saved Word document: /workspaces/lcwebsiteAnalytics/.vscode/results/main/staff-publications-2016/index.docx
[37] Crawling: https://lc.hkbu.edu.hk/main/staff-publications-2015/
Saved Word document: /workspaces/lcwebsiteAnalytics/.vscode/results/main/staff-publications-2015/index.docx
[38] Crawling: https://lc.hkbu.edu.hk/main/staff-publications-2014/
Saved Word document: /workspaces/lcwebsiteAnalytics/.vscode/results/main/staff-publications-2014/index.docx
[39] Crawling: https://lc.hkbu.edu.hk/main/staff-publications-2013/
Saved Word document: /workspaces/lcwebsiteAnalytics/.vscode/results/main/staff-publications-2013/index.docx
[40] Crawling: https://lc.hkbu.edu.hk/main/staff-publications-2012/
Saved Word document: /workspaces/lcwebsiteAnalytics/.vscode/results/main/staff-publications-2012/index.docx
[41] Crawling: https://lc.hkbu.edu.hk/main/staff-publications-2011/
Saved Word document: /workspaces/lcwebsiteAnalytics/.vscode/results/main/staff-publications-2011/index.docx
[42] Crawling: https://lc.hkbu.edu.hk/main/download/
Saved Word document: /workspaces/lcwebsiteAnalytics/.vscode/results/main/download/index.docx
[43] Crawling: https://lc.hkbu.edu.hk/main/#contact
Saved Word document: /workspaces/lcwebsiteAnalytics/.vscode/results/main/index.docx
[44] Crawling: https://lc.hkbu.edu.hk/main/wp-content/uploads/%E6%A2%81%E5%BE%B7%E8%8F%AF%E5%8D%9A%E5%A3%AB_20250303-scaled.jpg
Failed to crawl https://lc.hkbu.edu.hk/main/#contact: All strings must be XML compatible: Unicode or ASCII, no NULL bytes or control characters
[44] Crawling: https://lc.hkbu.edu.hk/main/job
Saved Word document: /workspaces/lcwebsiteAnalytics/.vscode/results/main/job/index.docx
[45] Crawling: https://lc.hkbu.edu.hk/main/download
Saved Word document: /workspaces/lcwebsiteAnalytics/.vscode/results/main/download/index.docx
[46] Crawling: https://lc.hkbu.edu.hk/main
Saved Word document: /workspaces/lcwebsiteAnalytics/.vscode/results/main/index.docx
[47] Crawling: https://lc.hkbu.edu.hk/main/wp-content/uploads/Adam-Poster_v3-scaled.jpg
[48] Crawling: https://lc.hkbu.edu.hk/main/wp-content/uploads/0-Generic-Cultural-Carnival.png
[49] Crawling: http://lc.hkbu.edu.hk/psc/register-psc.php
Saved Word document: /workspaces/lcwebsiteAnalytics/.vscode/results/psc/register-psc.php/index.docx
[50] Crawling: http://lc.hkbu.edu.hk/psc/index.php
[51] Crawling: http://lc.hkbu.edu.hk/psc/course.php
Failed to fetch http://lc.hkbu.edu.hk/psc/course.php: 404 Client Error: Not Found for url: https://lc.hkbu.edu.hk/psc/course.php
Some characters could not be decoded, and were replaced with REPLACEMENT CHARACTER.
Some characters could not be decoded, and were replaced with REPLACEMENT CHARACTER.
Some characters could not be decoded, and were replaced with REPLACEMENT CHARACTER.
Some characters could not be decoded, and were replaced with REPLACEMENT CHARACTER.
Some characters could not be decoded, and were replaced with REPLACEMENT CHARACTER.
Some characters could not be decoded, and were replaced with REPLACEMENT CHARACTER.
Some characters could not be decoded, and were replaced with REPLACEMENT CHARACTER.
Some characters could not be decoded, and were replaced with REPLACEMENT CHARACTER.
Some characters could not be decoded, and were replaced with REPLACEMENT CHARACTER.
Some characters could not be decoded, and were replaced with REPLACEMENT CHARACTER.
Failed to crawl http://lc.hkbu.edu.hk/psc/course.php: 404 Client Error: Not Found for url: https://lc.hkbu.edu.hk/psc/course.php
[52] Crawling: http://lc.hkbu.edu.hk/psc/psc.php
Failed to fetch http://lc.hkbu.edu.hk/psc/psc.php: 404 Client Error: Not Found for url: https://lc.hkbu.edu.hk/psc/psc.php
Failed to crawl http://lc.hkbu.edu.hk/psc/psc.php: 404 Client Error: Not Found for url: https://lc.hkbu.edu.hk/psc/psc.php
[53] Crawling: https://lc.hkbu.edu.hk/psc-sponsorship.php
Saved Word document: /workspaces/lcwebsiteAnalytics/.vscode/results/psc-sponsorship.php/index.docx
[54] Crawling: https://lc.hkbu.edu.hk/psc-sponsorship.php#A
Saved Word document: /workspaces/lcwebsiteAnalytics/.vscode/results/psc-sponsorship.php/index.docx
[55] Crawling: https://lc.hkbu.edu.hk/psc-sponsorship.php#B
Saved Word document: /workspaces/lcwebsiteAnalytics/.vscode/results/psc-sponsorship.php/index.docx
[56] Crawling: https://lc.hkbu.edu.hk/psc-sponsorship.php#C
Saved Word document: /workspaces/lcwebsiteAnalytics/.vscode/results/psc-sponsorship.php/index.docx
[57] Crawling: https://lc.hkbu.edu.hk/psc-sponsorship.php#D
Saved Word document: /workspaces/lcwebsiteAnalytics/.vscode/results/psc-sponsorship.php/index.docx
[58] Crawling: https://lc.hkbu.edu.hk/psc-sponsorship.php#E
Saved Word document: /workspaces/lcwebsiteAnalytics/.vscode/results/psc-sponsorship.php/index.docx
[59] Crawling: http://lc.hkbu.edu.hk
Saved Word document: /workspaces/lcwebsiteAnalytics/.vscode/results/index.docx
[60] Crawling: https://lc.hkbu.edu.hk/main/drama/
Saved Word document: /workspaces/lcwebsiteAnalytics/.vscode/results/main/drama/index.docx
[61] Crawling: https://lc.hkbu.edu.hk/main/drama/#info1
Saved Word document: /workspaces/lcwebsiteAnalytics/.vscode/results/main/drama/index.docx
[62] Crawling: https://lc.hkbu.edu.hk/main/drama/#info2
Saved Word document: /workspaces/lcwebsiteAnalytics/.vscode/results/main/drama/index.docx
[63] Crawling: https://lc.hkbu.edu.hk/main/drama/#info3
Saved Word document: /workspaces/lcwebsiteAnalytics/.vscode/results/main/drama/index.docx
[64] Crawling: https://lc.hkbu.edu.hk/main/drama/#judge
Saved Word document: /workspaces/lcwebsiteAnalytics/.vscode/results/main/drama/index.docx
[65] Crawling: https://lc.hkbu.edu.hk/main/drama/#note
Saved Word document: /workspaces/lcwebsiteAnalytics/.vscode/results/main/drama/index.docx
[66] Crawling: https://lc.hkbu.edu.hk/main/drama/#reg
Saved Word document: /workspaces/lcwebsiteAnalytics/.vscode/results/main/drama/index.docx
[67] Crawling: https://lc.hkbu.edu.hk/main/drama/winners/
Saved Word document: /workspaces/lcwebsiteAnalytics/.vscode/results/main/drama/winners/index.docx
[68] Crawling: https://lc.hkbu.edu.hk/main/wp-content/uploads/stream27.pdf
[69] Crawling: https://lc.hkbu.edu.hk/main/english-speaking-contest/
Saved Word document: /workspaces/lcwebsiteAnalytics/.vscode/results/main/english-speaking-contest/index.docx
[70] Crawling: https://lc.hkbu.edu.hk/main/english-speaking-contest/#dates
Saved Word document: /workspaces/lcwebsiteAnalytics/.vscode/results/main/english-speaking-contest/index.docx
[71] Crawling: https://lc.hkbu.edu.hk/main/english-speaking-contest/#details
Saved Word document: /workspaces/lcwebsiteAnalytics/.vscode/results/main/english-speaking-contest/index.docx
[72] Crawling: https://lc.hkbu.edu.hk/main/english-speaking-contest/#application
Saved Word document: /workspaces/lcwebsiteAnalytics/.vscode/results/main/english-speaking-contest/index.docx
[73] Crawling: https://lc.hkbu.edu.hk/main/english-speaking-contest/#guest
Saved Word document: /workspaces/lcwebsiteAnalytics/.vscode/results/main/english-speaking-contest/index.docx
[74] Crawling: https://lc.hkbu.edu.hk/main/english-speaking-contest/tips/
Saved Word document: /workspaces/lcwebsiteAnalytics/.vscode/results/main/english-speaking-contest/tips/index.docx
[75] Crawling: https://lc.hkbu.edu.hk/main/english-speaking-contest/tips/#A
Saved Word document: /workspaces/lcwebsiteAnalytics/.vscode/results/main/english-speaking-contest/tips/index.docx
[76] Crawling: https://lc.hkbu.edu.hk/main/english-speaking-contest/tips/#B
Saved Word document: /workspaces/lcwebsiteAnalytics/.vscode/results/main/english-speaking-contest/tips/index.docx
[77] Crawling: https://lc.hkbu.edu.hk/main/english-speaking-contest/tips/#C
Saved Word document: /workspaces/lcwebsiteAnalytics/.vscode/results/main/english-speaking-contest/tips/index.docx
[78] Crawling: https://lc.hkbu.edu.hk/main/english-speaking-contest/tips/#D
Saved Word document: /workspaces/lcwebsiteAnalytics/.vscode/results/main/english-speaking-contest/tips/index.docx
[79] Crawling: https://lc.hkbu.edu.hk/main/english-speaking-contest/winners/
Saved Word document: /workspaces/lcwebsiteAnalytics/.vscode/results/main/english-speaking-contest/winners/index.docx
[80] Crawling: https://lc.hkbu.edu.hk/main/english-speaking-contest/#contact
Saved Word document: /workspaces/lcwebsiteAnalytics/.vscode/results/main/english-speaking-contest/index.docx
[81] Crawling: https://lc.hkbu.edu.hk/main/wp-content/uploads/Dr.-Angela-Poster.jpg
[82] Crawling: https://lc.hkbu.edu.hk/main/wp-content/uploads/Lynne-Seminar-241128_v1-scaled.jpg
[83] Crawling: https://lc.hkbu.edu.hk/main/wp-content/uploads/Lynne-Poster-241127_v1-scaled.jpg
[84] Crawling: https://lc.hkbu.edu.hk/main/lcchi/
Saved Word document: /workspaces/lcwebsiteAnalytics/.vscode/results/main/lcchi/index.docx
[85] Crawling: https://lc.hkbu.edu.hk/main/lcchi/uni/
Saved Word document: /workspaces/lcwebsiteAnalytics/.vscode/results/main/lcchi/uni/index.docx
[86] Crawling: https://lc.hkbu.edu.hk/main/lcchi/uni/#info1
Saved Word document: /workspaces/lcwebsiteAnalytics/.vscode/results/main/lcchi/uni/index.docx
[87] Crawling: https://lc.hkbu.edu.hk/main/lcchi/uni/#prize
Saved Word document: /workspaces/lcwebsiteAnalytics/.vscode/results/main/lcchi/uni/index.docx
[88] Crawling: https://lc.hkbu.edu.hk/main/lcchi/uni/#notice
Saved Word document: /workspaces/lcwebsiteAnalytics/.vscode/results/main/lcchi/uni/index.docx
[89] Crawling: https://lc.hkbu.edu.hk/main/lcchi/uni/#how
Saved Word document: /workspaces/lcwebsiteAnalytics/.vscode/results/main/lcchi/uni/index.docx
[90] Crawling: https://lc.hkbu.edu.hk/main/lcchi/uni/#script
Saved Word document: /workspaces/lcwebsiteAnalytics/.vscode/results/main/lcchi/uni/index.docx
[91] Crawling: https://lc.hkbu.edu.hk/main/lcchi/uni/#others
Saved Word document: /workspaces/lcwebsiteAnalytics/.vscode/results/main/lcchi/uni/index.docx
[92] Crawling: https://lc.hkbu.edu.hk/main/lcchi/uni/#date
Saved Word document: /workspaces/lcwebsiteAnalytics/.vscode/results/main/lcchi/uni/index.docx
[93] Crawling: https://lc.hkbu.edu.hk/main/lcchi/uni/#details
Saved Word document: /workspaces/lcwebsiteAnalytics/.vscode/results/main/lcchi/uni/index.docx
[94] Crawling: https://lc.hkbu.edu.hk/main/lcchi/uni/#enquries
Saved Word document: /workspaces/lcwebsiteAnalytics/.vscode/results/main/lcchi/uni/index.docx
[95] Crawling: https://lc.hkbu.edu.hk/main/lcchi/uni/#judge
Saved Word document: /workspaces/lcwebsiteAnalytics/.vscode/results/main/lcchi/uni/index.docx
[96] Crawling: https://lc.hkbu.edu.hk/main/lcchi/uni/#credits
Saved Word document: /workspaces/lcwebsiteAnalytics/.vscode/results/main/lcchi/uni/index.docx
[97] Crawling: http://lc.hkbu.edu.hk/main/wp-content/uploads/第十三屆-大學文學獎-海報_confirmed_rescaled-1.jpg
[98] Crawling: https://lc.hkbu.edu.hk/main/lcchi/sec/
Saved Word document: /workspaces/lcwebsiteAnalytics/.vscode/results/main/lcchi/sec/index.docx
[99] Crawling: https://lc.hkbu.edu.hk/main/lcchi/sec/#prize
Saved Word document: /workspaces/lcwebsiteAnalytics/.vscode/results/main/lcchi/sec/index.docx
[100] Crawling: https://lc.hkbu.edu.hk/main/lcchi/sec/#notice
Saved Word document: /workspaces/lcwebsiteAnalytics/.vscode/results/main/lcchi/sec/index.docx
[101] Crawling: https://lc.hkbu.edu.hk/main/lcchi/sec/#how
Saved Word document: /workspaces/lcwebsiteAnalytics/.vscode/results/main/lcchi/sec/index.docx
[102] Crawling: https://lc.hkbu.edu.hk/main/lcchi/sec/#script
Saved Word document: /workspaces/lcwebsiteAnalytics/.vscode/results/main/lcchi/sec/index.docx
Some characters could not be decoded, and were replaced with REPLACEMENT CHARACTER.
Some characters could not be decoded, and were replaced with REPLACEMENT CHARACTER.
Some characters could not be decoded, and were replaced with REPLACEMENT CHARACTER.
Some characters could not be decoded, and were replaced with REPLACEMENT CHARACTER.
Some characters could not be decoded, and were replaced with REPLACEMENT CHARACTER.
Some characters could not be decoded, and were replaced with REPLACEMENT CHARACTER.
Some characters could not be decoded, and were replaced with REPLACEMENT CHARACTER.
Some characters could not be decoded, and were replaced with REPLACEMENT CHARACTER.
Some characters could not be decoded, and were replaced with REPLACEMENT CHARACTER.
Some characters could not be decoded, and were replaced with REPLACEMENT CHARACTER.
Some characters could not be decoded, and were replaced with REPLACEMENT CHARACTER.
Some characters could not be decoded, and were replaced with REPLACEMENT CHARACTER.
Some characters could not be decoded, and were replaced with REPLACEMENT CHARACTER.
Some characters could not be decoded, and were replaced with REPLACEMENT CHARACTER.
Some characters could not be decoded, and were replaced with REPLACEMENT CHARACTER.
Some characters could not be decoded, and were replaced with REPLACEMENT CHARACTER.
Some characters could not be decoded, and were replaced with REPLACEMENT CHARACTER.
Some characters could not be decoded, and were replaced with REPLACEMENT CHARACTER.
Some characters could not be decoded, and were replaced with REPLACEMENT CHARACTER.
Some characters could not be decoded, and were replaced with REPLACEMENT CHARACTER.
Some characters could not be decoded, and were replaced with REPLACEMENT CHARACTER.
Some characters could not be decoded, and were replaced with REPLACEMENT CHARACTER.
Some characters could not be decoded, and were replaced with REPLACEMENT CHARACTER.
Some characters could not be decoded, and were replaced with REPLACEMENT CHARACTER.
Some characters could not be decoded, and were replaced with REPLACEMENT CHARACTER.
Some characters could not be decoded, and were replaced with REPLACEMENT CHARACTER.
Some characters could not be decoded, and were replaced with REPLACEMENT CHARACTER.
Some characters could not be decoded, and were replaced with REPLACEMENT CHARACTER.
Some characters could not be decoded, and were replaced with REPLACEMENT CHARACTER.
[103] Crawling: https://lc.hkbu.edu.hk/main/lcchi/sec/#others
Saved Word document: /workspaces/lcwebsiteAnalytics/.vscode/results/main/lcchi/sec/index.docx
[104] Crawling: https://lc.hkbu.edu.hk/main/lcchi/sec/#date
Saved Word document: /workspaces/lcwebsiteAnalytics/.vscode/results/main/lcchi/sec/index.docx
[105] Crawling: https://lc.hkbu.edu.hk/main/lcchi/sec/#details
Saved Word document: /workspaces/lcwebsiteAnalytics/.vscode/results/main/lcchi/sec/index.docx
[106] Crawling: https://lc.hkbu.edu.hk/main/lcchi/sec/#enquiries
Saved Word document: /workspaces/lcwebsiteAnalytics/.vscode/results/main/lcchi/sec/index.docx
[107] Crawling: https://lc.hkbu.edu.hk/main/lcchi/sec/#judge
Saved Word document: /workspaces/lcwebsiteAnalytics/.vscode/results/main/lcchi/sec/index.docx
[108] Crawling: https://lc.hkbu.edu.hk/main/lcchi/sec/#credits
Saved Word document: /workspaces/lcwebsiteAnalytics/.vscode/results/main/lcchi/sec/index.docx
[109] Crawling: http://lc.hkbu.edu.hk/main/wp-content/uploads/少年作家獎2024_v2B-scaled.jpg
[110] Crawling: https://lc.hkbu.edu.hk/main/wp-content/uploads/young_writer_certificate_13th.doc
[111] Crawling: https://lc.hkbu.edu.hk/main/wp-content/uploads/young_writer_application_form_13th.doc
[112] Crawling: https://lc.hkbu.edu.hk/main/lcchi/book/
Saved Word document: /workspaces/lcwebsiteAnalytics/.vscode/results/main/lcchi/book/index.docx
[113] Crawling: https://lc.hkbu.edu.hk/main/english-short-story/
Saved Word document: /workspaces/lcwebsiteAnalytics/.vscode/results/main/english-short-story/index.docx
[114] Crawling: https://lc.hkbu.edu.hk/main/english-short-story/#information
Saved Word document: /workspaces/lcwebsiteAnalytics/.vscode/results/main/english-short-story/index.docx
[115] Crawling: https://lc.hkbu.edu.hk/main/english-short-story/#submission
Saved Word document: /workspaces/lcwebsiteAnalytics/.vscode/results/main/english-short-story/index.docx
[116] Crawling: https://lc.hkbu.edu.hk/main/english-short-story/#public_lecture
Saved Word document: /workspaces/lcwebsiteAnalytics/.vscode/results/main/english-short-story/index.docx
[117] Crawling: https://lc.hkbu.edu.hk/main/english-short-story/#tips
Saved Word document: /workspaces/lcwebsiteAnalytics/.vscode/results/main/english-short-story/index.docx
[118] Crawling: https://lc.hkbu.edu.hk/main/english-short-story/winners/
Saved Word document: /workspaces/lcwebsiteAnalytics/.vscode/results/main/english-short-story/winners/index.docx
[119] Crawling: https://lc.hkbu.edu.hk/doc/writing/2017-1st.pdf
Failed to crawl https://lc.hkbu.edu.hk/main/english-short-story/winners/: All strings must be XML compatible: Unicode or ASCII, no NULL bytes or control characters
[119] Crawling: http://lc.hkbu.edu.hk/main/wp-content/uploads/19th_sswc_prompts.pdf
[120] Crawling: https://lc.hkbu.edu.hk/doc/literature/01book.pdf
[121] Crawling: https://lc.hkbu.edu.hk/doc/literature/02-03book.pdf
[122] Crawling: https://lc.hkbu.edu.hk/doc/literature/04-05book.pdf
[123] Crawling: https://lc.hkbu.edu.hk/doc/literature/06-07book.pdf
[124] Crawling: https://lc.hkbu.edu.hk/doc/literature/08-09book.pdf
Failed to crawl https://lc.hkbu.edu.hk/main/lcchi/book/: All strings must be XML compatible: Unicode or ASCII, no NULL bytes or control characters
[124] Crawling: https://lc.hkbu.edu.hk/main/lcchi/winners/
Saved Word document: /workspaces/lcwebsiteAnalytics/.vscode/results/main/lcchi/winners/index.docx
[125] Crawling: https://lc.hkbu.edu.hk/main/wp-content/uploads/大學文學獎2024_v2B-scaled.jpg
Failed to crawl https://lc.hkbu.edu.hk/main/lcchi/: All strings must be XML compatible: Unicode or ASCII, no NULL bytes or control characters
[125] Crawling: https://lc.hkbu.edu.hk/main/speech-c/
Saved Word document: /workspaces/lcwebsiteAnalytics/.vscode/results/main/speech-c/index.docx
[126] Crawling: https://lc.hkbu.edu.hk/main/speech-c/#info1
Saved Word document: /workspaces/lcwebsiteAnalytics/.vscode/results/main/speech-c/index.docx
[127] Crawling: https://lc.hkbu.edu.hk/main/speech-c/#info2
Saved Word document: /workspaces/lcwebsiteAnalytics/.vscode/results/main/speech-c/index.docx
[128] Crawling: https://lc.hkbu.edu.hk/main/speech-c/#info3
Saved Word document: /workspaces/lcwebsiteAnalytics/.vscode/results/main/speech-c/index.docx
[129] Crawling: https://lc.hkbu.edu.hk/main/speech-c/#info4
Saved Word document: /workspaces/lcwebsiteAnalytics/.vscode/results/main/speech-c/index.docx
[130] Crawling: https://lc.hkbu.edu.hk/main/speech-c/#info5
Saved Word document: /workspaces/lcwebsiteAnalytics/.vscode/results/main/speech-c/index.docx
[131] Crawling: https://lc.hkbu.edu.hk/main/speech-c/#info6
Saved Word document: /workspaces/lcwebsiteAnalytics/.vscode/results/main/speech-c/index.docx
[132] Crawling: https://lc.hkbu.edu.hk/main/speech-c/#prize
Saved Word document: /workspaces/lcwebsiteAnalytics/.vscode/results/main/speech-c/index.docx
[133] Crawling: https://lc.hkbu.edu.hk/main/speech-c/#rules
Saved Word document: /workspaces/lcwebsiteAnalytics/.vscode/results/main/speech-c/index.docx
[134] Crawling: https://lc.hkbu.edu.hk/main/speech-c/#g
Saved Word document: /workspaces/lcwebsiteAnalytics/.vscode/results/main/speech-c/index.docx
[135] Crawling: https://lc.hkbu.edu.hk/main/speech-c/winners/
Saved Word document: /workspaces/lcwebsiteAnalytics/.vscode/results/main/speech-c/winners/index.docx
[136] Crawling: https://lc.hkbu.edu.hk/main/speech-c/#inquiry
Saved Word document: /workspaces/lcwebsiteAnalytics/.vscode/results/main/speech-c/index.docx
[137] Crawling: https://lc.hkbu.edu.hk/main/wp-content/uploads/Emma_202410-Poster_v3-scaled.jpg
[138] Crawling: https://lc.hkbu.edu.hk/sall/pth/c-det.php
Saved Word document: /workspaces/lcwebsiteAnalytics/.vscode/results/sall/pth/c-det.php/index.docx
[139] Crawling: https://lc.hkbu.edu.hk/sall/pth/index.php
Saved Word document: /workspaces/lcwebsiteAnalytics/.vscode/results/sall/pth/index.php/index.docx
[140] Crawling: https://lc.hkbu.edu.hk/sall/pth/course.php
Saved Word document: /workspaces/lcwebsiteAnalytics/.vscode/results/sall/pth/course.php/index.docx
[141] Crawling: https://lc.hkbu.edu.hk/sall/pth/resource.php
Saved Word document: /workspaces/lcwebsiteAnalytics/.vscode/results/sall/pth/resource.php/index.docx
[142] Crawling: https://lc.hkbu.edu.hk/sall/pth/c-requirement.php
Saved Word document: /workspaces/lcwebsiteAnalytics/.vscode/results/sall/pth/c-requirement.php/index.docx
[143] Crawling: https://lc.hkbu.edu.hk/sall/pth/service.php
Saved Word document: /workspaces/lcwebsiteAnalytics/.vscode/results/sall/pth/service.php/index.docx
[144] Crawling: https://lc.hkbu.edu.hk/sall/pth/movie.php
Saved Word document: /workspaces/lcwebsiteAnalytics/.vscode/results/sall/pth/movie.php/index.docx
[145] Crawling: https://lc.hkbu.edu.hk/sall/pth/llo.php
Saved Word document: /workspaces/lcwebsiteAnalytics/.vscode/results/sall/pth/llo.php/index.docx
[146] Crawling: https://lc.hkbu.edu.hk/sall/pth/llo.php#a
Saved Word document: /workspaces/lcwebsiteAnalytics/.vscode/results/sall/pth/llo.php/index.docx
[147] Crawling: https://lc.hkbu.edu.hk/sall/pth/llo.php#b
Saved Word document: /workspaces/lcwebsiteAnalytics/.vscode/results/sall/pth/llo.php/index.docx
[148] Crawling: https://lc.hkbu.edu.hk/sall/pth/llo.php#c
Saved Word document: /workspaces/lcwebsiteAnalytics/.vscode/results/sall/pth/llo.php/index.docx
[149] Crawling: https://lc.hkbu.edu.hk/sall/pth/doc/llo-map.pdf
[150] Crawling: https://lc.hkbu.edu.hk/sall/pth/doc/llo-selfstudy-materials.pdf
[151] Crawling: https://lc.hkbu.edu.hk/sall/pth/doc/llo-software.pdf
[152] Crawling: https://lc.hkbu.edu.hk/sall/pth/doc/llo-dvd.pdf
[153] Crawling: https://lc.hkbu.edu.hk/sall/pth/resource.php#c
Saved Word document: /workspaces/lcwebsiteAnalytics/.vscode/results/sall/pth/resource.php/index.docx
[154] Crawling: https://lc.hkbu.edu.hk/sall/pth/resource.php#a
Traceback (most recent call last):
  File "/workspaces/lcwebsiteAnalytics/web_crawler.py", line 106, in <module>
    total_pages = crawl_website(base_url, base_path)
                  ^^^^^^^^^^^^^^^^^^^^^^^^^^^^^^^^^^
  File "/workspaces/lcwebsiteAnalytics/web_crawler.py", line 90, in crawl_website
    progress_count = crawl_website(full_url, base_path, visited, progress_count)
                     ^^^^^^^^^^^^^^^^^^^^^^^^^^^^^^^^^^^^^^^^^^^^^^^^^^^^^^^^^^^
  File "/workspaces/lcwebsiteAnalytics/web_crawler.py", line 90, in crawl_website
    progress_count = crawl_website(full_url, base_path, visited, progress_count)
                     ^^^^^^^^^^^^^^^^^^^^^^^^^^^^^^^^^^^^^^^^^^^^^^^^^^^^^^^^^^^
  File "/workspaces/lcwebsiteAnalytics/web_crawler.py", line 90, in crawl_website
    progress_count = crawl_website(full_url, base_path, visited, progress_count)
                     ^^^^^^^^^^^^^^^^^^^^^^^^^^^^^^^^^^^^^^^^^^^^^^^^^^^^^^^^^^^
  [Previous line repeated 56 more times]
  File "/workspaces/lcwebsiteAnalytics/web_crawler.py", line 72, in crawl_website
    text = fetch_text_from_url(base_url)
           ^^^^^^^^^^^^^^^^^^^^^^^^^^^^^
  File "/workspaces/lcwebsiteAnalytics/web_crawler.py", line 32, in fetch_text_from_url
    response = requests.get(url, timeout=10)
               ^^^^^^^^^^^^^^^^^^^^^^^^^^^^^
  File "/home/codespace/.local/lib/python3.12/site-packages/requests/api.py", line 73, in get
    return request("get", url, params=params, **kwargs)
           ^^^^^^^^^^^^^^^^^^^^^^^^^^^^^^^^^^^^^^^^^^^^
  File "/home/codespace/.local/lib/python3.12/site-packages/requests/api.py", line 59, in request
    return session.request(method=method, url=url, **kwargs)
           ^^^^^^^^^^^^^^^^^^^^^^^^^^^^^^^^^^^^^^^^^^^^^^^^^
  File "/home/codespace/.local/lib/python3.12/site-packages/requests/sessions.py", line 589, in request
    resp = self.send(prep, **send_kwargs)
           ^^^^^^^^^^^^^^^^^^^^^^^^^^^^^^
  File "/home/codespace/.local/lib/python3.12/site-packages/requests/sessions.py", line 703, in send
    r = adapter.send(request, **kwargs)
        ^^^^^^^^^^^^^^^^^^^^^^^^^^^^^^^
  File "/home/codespace/.local/lib/python3.12/site-packages/requests/adapters.py", line 667, in send
    resp = conn.urlopen(
           ^^^^^^^^^^^^^
  File "/home/codespace/.local/lib/python3.12/site-packages/urllib3/connectionpool.py", line 789, in urlopen
    response = self._make_request(
               ^^^^^^^^^^^^^^^^^^^
  File "/home/codespace/.local/lib/python3.12/site-packages/urllib3/connectionpool.py", line 536, in _make_request
    response = conn.getresponse()
               ^^^^^^^^^^^^^^^^^^
  File "/home/codespace/.local/lib/python3.12/site-packages/urllib3/connection.py", line 507, in getresponse
    httplib_response = super().getresponse()
                       ^^^^^^^^^^^^^^^^^^^^^
  File "/usr/local/python/3.12.1/lib/python3.12/http/client.py", line 1419, in getresponse
    response.begin()
  File "/usr/local/python/3.12.1/lib/python3.12/http/client.py", line 331, in begin
    version, status, reason = self._read_status()
                              ^^^^^^^^^^^^^^^^^^^
  File "/usr/local/python/3.12.1/lib/python3.12/http/client.py", line 292, in _read_status
    line = str(self.fp.readline(_MAXLINE + 1), "iso-8859-1")
               ^^^^^^^^^^^^^^^^^^^^^^^^^^^^^^
  File "/usr/local/python/3.12.1/lib/python3.12/socket.py", line 707, in readinto
    return self._sock.recv_into(b)
           ^^^^^^^^^^^^^^^^^^^^^^^
  File "/usr/local/python/3.12.1/lib/python3.12/ssl.py", line 1253, in recv_into
    return self.read(nbytes, buffer)
           ^^^^^^^^^^^^^^^^^^^^^^^^^
  File "/usr/local/python/3.12.1/lib/python3.12/ssl.py", line 1105, in read
    return self._sslobj.read(len, buffer)
           ^^^^^^^^^^^^^^^^^^^^^^^^^^^^^^
KeyboardInterrupt
